<?xml version="1.0" encoding="UTF-8"?>
<testng-results skipped="0" failed="0" ignored="0" total="1" passed="1">
  <reporter-output>
    <line>
      <![CDATA[<strong> <h3 style="color:Blue"> To Verify the Draggle element is Click in the Home Page</br></br></h3> </strong>]]>
    </line>
    <line>
      <![CDATA[<br><strong>Step :1 .Open Url</br></br></strong></br>]]>
    </line>
    <line>
      <![CDATA[===>Home page is opened</br></br>]]>
    </line>
    <line>
      <![CDATA[<br><strong>Step :2 .Click on Draggable Link</br></br></strong></br>]]>
    </line>
    <line>
      <![CDATA[<br><strong>Step :3 .Click on Drag me around</br></br></strong></br>]]>
    </line>
    <line>
      <![CDATA[<strong> <h3 style="color:Blue"> To Verify the Draggle element is Click in the Home Page</br></br></h3> </strong>]]>
    </line>
    <line>
      <![CDATA[<br><strong>Step :4 .Click on Droppable</br></br></strong></br>]]>
    </line>
    <line>
      <![CDATA[<br><strong>Step :5 .Click on Drag_me_to_my_target</br></br></strong></br>]]>
    </line>
    <line>
      <![CDATA[<br><strong>Step :6 .Click on drop_here</br></br></strong></br>]]>
    </line>
    <line>
      <![CDATA[==>Dragged the element and Dropped Message should Display</br></br>]]>
    </line>
    <line>
      <![CDATA[<br><strong>Step :7 .Click on Resize option </br></br></strong></br>]]>
    </line>
    <line>
      <![CDATA[<br><strong>Step :8 .Resize the option </br></br></strong></br>]]>
    </line>
    <line>
      <![CDATA[<br><strong>Step :9 .Click on Selectable </br></br></strong></br>]]>
    </line>
    <line>
      <![CDATA[<br><strong>Step :10 .Click on item_select</br></br></strong></br>]]>
    </line>
    <line>
      <![CDATA[Item 2]]>
    </line>
    <line>
      <![CDATA[<br><strong>Step :11 .Click on Seriazable </br></br></strong></br>]]>
    </line>
    <line>
      <![CDATA[<br><strong>Step :12 .Check that NumberOfItem_selected increases or decreases </br></br></strong></br>]]>
    </line>
    <line>
      <![CDATA[<br><strong>Step :13 .Click on Sortable </br></br></strong></br>]]>
    </line>
    <line>
      <![CDATA[<br><strong>Step :14 .Click on Item Sortable </br></br></strong></br>]]>
    </line>
    <line>
      <![CDATA[<br><strong>Step :15 .Click on Accordion option </br></br></strong></br>]]>
    </line>
    <line>
      <![CDATA[<br><strong>Step :16 .Click on Fill Space option inside Accordion option </br></br></strong></br>]]>
    </line>
    <line>
      <![CDATA[<br><strong>Step :17 .Click on Section_2 option inside Fill Space option inside Accordion option </br></br></strong></br>]]>
    </line>
  </reporter-output>
  <suite name="JQuery - Test Suit" duration-ms="167607" started-at="2018-09-25T04:37:23Z" finished-at="2018-09-25T04:40:11Z">
    <groups>
    </groups>
    <test name="Test Script :: 01" duration-ms="167607" started-at="2018-09-25T04:37:23Z" finished-at="2018-09-25T04:40:11Z">
      <class name="com.index.Index">
        <test-method status="PASS" signature="fetchSuiteConfiguration(org.testng.ITestContext)[pri:0, instance:com.index.Index@704921a5]" name="fetchSuiteConfiguration" is-config="true" duration-ms="14" started-at="2018-09-25T10:07:23Z" finished-at="2018-09-25T10:07:23Z">
          <params>
            <param index="0">
              <value>
                <![CDATA[org.testng.TestRunner@bb9e6dc]]>
              </value>
            </param>
          </params>
          <reporter-output>
          </reporter-output>
        </test-method> <!-- fetchSuiteConfiguration -->
        <test-method status="PASS" signature="setUp(java.lang.reflect.Method, org.testng.ITestContext)[pri:0, instance:com.index.Index@704921a5]" name="setUp" is-config="true" duration-ms="7387" started-at="2018-09-25T10:07:23Z" finished-at="2018-09-25T10:07:31Z">
          <params>
            <param index="0">
              <value>
                <![CDATA[public void com.index.Index.Draggable()]]>
              </value>
            </param>
            <param index="1">
              <value>
                <![CDATA[org.testng.TestRunner@bb9e6dc]]>
              </value>
            </param>
          </params>
          <reporter-output>
          </reporter-output>
        </test-method> <!-- setUp -->
        <test-method status="PASS" signature="Draggable()[pri:0, instance:com.index.Index@704921a5]" name="Draggable" duration-ms="148725" started-at="2018-09-25T10:07:31Z" finished-at="2018-09-25T10:10:00Z">
          <reporter-output>
            <line>
              <![CDATA[<strong> <h3 style="color:Blue"> To Verify the Draggle element is Click in the Home Page</br></br></h3> </strong>]]>
            </line>
            <line>
              <![CDATA[<br><strong>Step :1 .Open Url</br></br></strong></br>]]>
            </line>
            <line>
              <![CDATA[===>Home page is opened</br></br>]]>
            </line>
            <line>
              <![CDATA[<br><strong>Step :2 .Click on Draggable Link</br></br></strong></br>]]>
            </line>
            <line>
              <![CDATA[<br><strong>Step :3 .Click on Drag me around</br></br></strong></br>]]>
            </line>
            <line>
              <![CDATA[<strong> <h3 style="color:Blue"> To Verify the Draggle element is Click in the Home Page</br></br></h3> </strong>]]>
            </line>
            <line>
              <![CDATA[<br><strong>Step :4 .Click on Droppable</br></br></strong></br>]]>
            </line>
            <line>
              <![CDATA[<br><strong>Step :5 .Click on Drag_me_to_my_target</br></br></strong></br>]]>
            </line>
            <line>
              <![CDATA[<br><strong>Step :6 .Click on drop_here</br></br></strong></br>]]>
            </line>
            <line>
              <![CDATA[==>Dragged the element and Dropped Message should Display</br></br>]]>
            </line>
            <line>
              <![CDATA[<br><strong>Step :7 .Click on Resize option </br></br></strong></br>]]>
            </line>
            <line>
              <![CDATA[<br><strong>Step :8 .Resize the option </br></br></strong></br>]]>
            </line>
            <line>
              <![CDATA[<br><strong>Step :9 .Click on Selectable </br></br></strong></br>]]>
            </line>
            <line>
              <![CDATA[<br><strong>Step :10 .Click on item_select</br></br></strong></br>]]>
            </line>
            <line>
              <![CDATA[Item 2]]>
            </line>
            <line>
              <![CDATA[<br><strong>Step :11 .Click on Seriazable </br></br></strong></br>]]>
            </line>
            <line>
              <![CDATA[<br><strong>Step :12 .Check that NumberOfItem_selected increases or decreases </br></br></strong></br>]]>
            </line>
            <line>
              <![CDATA[<br><strong>Step :13 .Click on Sortable </br></br></strong></br>]]>
            </line>
            <line>
              <![CDATA[<br><strong>Step :14 .Click on Item Sortable </br></br></strong></br>]]>
            </line>
            <line>
              <![CDATA[<br><strong>Step :15 .Click on Accordion option </br></br></strong></br>]]>
            </line>
            <line>
              <![CDATA[<br><strong>Step :16 .Click on Fill Space option inside Accordion option </br></br></strong></br>]]>
            </line>
            <line>
              <![CDATA[<br><strong>Step :17 .Click on Section_2 option inside Fill Space option inside Accordion option </br></br></strong></br>]]>
            </line>
          </reporter-output>
        </test-method> <!-- Draggable -->
        <test-method status="PASS" signature="tearDown(org.testng.ITestResult)[pri:0, instance:com.index.Index@704921a5]" name="tearDown" is-config="true" duration-ms="11465" started-at="2018-09-25T10:10:00Z" finished-at="2018-09-25T10:10:11Z">
          <params>
            <param index="0">
              <value>
                <![CDATA[[TestResult name=Draggable status=SUCCESS method=Index.Draggable()[pri:0, instance:com.index.Index@704921a5] output=<strong> <h3 style="color:Blue"> To Verify the Draggle element is Click in the Home Page</br></br></h3> </strong>]]]>
              </value>
            </param>
          </params>
          <reporter-output>
          </reporter-output>
        </test-method> <!-- tearDown -->
      </class> <!-- com.index.Index -->
    </test> <!-- Test Script :: 01 -->
  </suite> <!-- JQuery - Test Suit -->
</testng-results>
